CRITICAL - 2022-06-21 19:30:52 --> Deletes are not allowed unless they contain a "where" or "like" clause.
#0 C:\xampp\htdocs\Lab11web\lab11_php_ci\ci4\system\Model.php(359): CodeIgniter\Database\BaseBuilder->delete()
#1 C:\xampp\htdocs\Lab11web\lab11_php_ci\ci4\system\BaseModel.php(963): CodeIgniter\Model->doDelete('0', false)
#2 C:\xampp\htdocs\Lab11web\lab11_php_ci\ci4\app\Controllers\Artikel.php(94): CodeIgniter\BaseModel->delete('0')
#3 C:\xampp\htdocs\Lab11web\lab11_php_ci\ci4\system\CodeIgniter.php(832): App\Controllers\Artikel->delete('0')
#4 C:\xampp\htdocs\Lab11web\lab11_php_ci\ci4\system\CodeIgniter.php(419): CodeIgniter\CodeIgniter->runController(Object(App\Controllers\Artikel))
#5 C:\xampp\htdocs\Lab11web\lab11_php_ci\ci4\system\CodeIgniter.php(326): CodeIgniter\CodeIgniter->handleRequest(NULL, Object(Config\Cache), false)
#6 C:\xampp\htdocs\Lab11web\lab11_php_ci\ci4\public\index.php(37): CodeIgniter\CodeIgniter->run()
#7 C:\xampp\htdocs\Lab11web\lab11_php_ci\ci4\system\Commands\Server\rewrite.php(43): require_once('C:\\xampp\\htdocs...')
#8 {main}
CRITICAL - 2022-06-21 19:31:00 --> Deletes are not allowed unless they contain a "where" or "like" clause.
#0 C:\xampp\htdocs\Lab11web\lab11_php_ci\ci4\system\Model.php(359): CodeIgniter\Database\BaseBuilder->delete()
#1 C:\xampp\htdocs\Lab11web\lab11_php_ci\ci4\system\BaseModel.php(963): CodeIgniter\Model->doDelete('0', false)
#2 C:\xampp\htdocs\Lab11web\lab11_php_ci\ci4\app\Controllers\Artikel.php(94): CodeIgniter\BaseModel->delete('0')
#3 C:\xampp\htdocs\Lab11web\lab11_php_ci\ci4\system\CodeIgniter.php(832): App\Controllers\Artikel->delete('0')
#4 C:\xampp\htdocs\Lab11web\lab11_php_ci\ci4\system\CodeIgniter.php(419): CodeIgniter\CodeIgniter->runController(Object(App\Controllers\Artikel))
#5 C:\xampp\htdocs\Lab11web\lab11_php_ci\ci4\system\CodeIgniter.php(326): CodeIgniter\CodeIgniter->handleRequest(NULL, Object(Config\Cache), false)
#6 C:\xampp\htdocs\Lab11web\lab11_php_ci\ci4\public\index.php(37): CodeIgniter\CodeIgniter->run()
#7 C:\xampp\htdocs\Lab11web\lab11_php_ci\ci4\system\Commands\Server\rewrite.php(43): require_once('C:\\xampp\\htdocs...')
#8 {main}
